==330523== Memcheck, a memory error detector
==330523== Copyright (C) 2002-2017, and GNU GPL'd, by Julian Seward et al.
==330523== Using Valgrind-3.18.1 and LibVEX; rerun with -h for copyright info
==330523== Command: /usr/bin/ls
==330523== Parent PID: 330463
==330523== 
==330523== 
==330523== FILE DESCRIPTORS: 4 open (1 std) at exit.
==330523== Open file descriptor 5: /home/mouahman/Desktop/minishell/logs/valgrind_330523.log
==330523==    <inherited from parent>
==330523== 
==330523== Open file descriptor 4: /home/mouahman/Desktop/minishell/logs/valgrind_330523.log
==330523==    <inherited from parent>
==330523== 
==330523== Open file descriptor 3: /home/mouahman/Desktop/minishell/logs/valgrind_330463.log
==330523==    <inherited from parent>
==330523== 
==330523== 
==330523== HEAP SUMMARY:
==330523==     in use at exit: 25,823 bytes in 26 blocks
==330523==   total heap usage: 63 allocs, 37 frees, 65,378 bytes allocated
==330523== 
==330523== 56 bytes in 1 blocks are still reachable in loss record 1 of 8
==330523==    at 0x4848899: malloc (in /usr/libexec/valgrind/vgpreload_memcheck-amd64-linux.so)
==330523==    by 0x115DB8: ??? (in /usr/bin/ls)
==330523==    by 0x115DE9: ??? (in /usr/bin/ls)
==330523==    by 0x10E4D9: ??? (in /usr/bin/ls)
==330523==    by 0x48C6D8F: (below main) (libc_start_call_main.h:58)
==330523== 
==330523== 56 bytes in 1 blocks are still reachable in loss record 2 of 8
==330523==    at 0x4848899: malloc (in /usr/libexec/valgrind/vgpreload_memcheck-amd64-linux.so)
==330523==    by 0x115DB8: ??? (in /usr/bin/ls)
==330523==    by 0x115DE9: ??? (in /usr/bin/ls)
==330523==    by 0x10D132: ??? (in /usr/bin/ls)
==330523==    by 0x48C6D8F: (below main) (libc_start_call_main.h:58)
==330523== 
==330523== 128 bytes in 1 blocks are still reachable in loss record 3 of 8
==330523==    at 0x4848899: malloc (in /usr/libexec/valgrind/vgpreload_memcheck-amd64-linux.so)
==330523==    by 0x1138F9: ??? (in /usr/bin/ls)
==330523==    by 0x10D236: ??? (in /usr/bin/ls)
==330523==    by 0x48C6D8F: (below main) (libc_start_call_main.h:58)
==330523== 
==330523== 135 bytes in 19 blocks are still reachable in loss record 4 of 8
==330523==    at 0x4848899: malloc (in /usr/libexec/valgrind/vgpreload_memcheck-amd64-linux.so)
==330523==    by 0x11665E: ??? (in /usr/bin/ls)
==330523==    by 0x116C9F: ??? (in /usr/bin/ls)
==330523==    by 0x11A20E: ??? (in /usr/bin/ls)
==330523==    by 0x10D33F: ??? (in /usr/bin/ls)
==330523==    by 0x48C6D8F: (below main) (libc_start_call_main.h:58)
==330523== 
==330523== 456 bytes in 1 blocks are still reachable in loss record 5 of 8
==330523==    at 0x4848899: malloc (in /usr/libexec/valgrind/vgpreload_memcheck-amd64-linux.so)
==330523==    by 0x115EBB: ??? (in /usr/bin/ls)
==330523==    by 0x11A067: ??? (in /usr/bin/ls)
==330523==    by 0x10D33F: ??? (in /usr/bin/ls)
==330523==    by 0x48C6D8F: (below main) (libc_start_call_main.h:58)
==330523== 
==330523== 768 bytes in 1 blocks are still reachable in loss record 6 of 8
==330523==    at 0x48487A9: malloc (in /usr/libexec/valgrind/vgpreload_memcheck-amd64-linux.so)
==330523==    by 0x116412: ??? (in /usr/bin/ls)
==330523==    by 0x119ABF: ??? (in /usr/bin/ls)
==330523==    by 0x10D33F: ??? (in /usr/bin/ls)
==330523==    by 0x48C6D8F: (below main) (libc_start_call_main.h:58)
==330523== 
==330523== 4,224 bytes in 1 blocks are still reachable in loss record 7 of 8
==330523==    at 0x4848899: malloc (in /usr/libexec/valgrind/vgpreload_memcheck-amd64-linux.so)
==330523==    by 0x116236: ??? (in /usr/bin/ls)
==330523==    by 0x119ABF: ??? (in /usr/bin/ls)
==330523==    by 0x10D33F: ??? (in /usr/bin/ls)
==330523==    by 0x48C6D8F: (below main) (libc_start_call_main.h:58)
==330523== 
==330523== 20,000 bytes in 1 blocks are still reachable in loss record 8 of 8
==330523==    at 0x4848899: malloc (in /usr/libexec/valgrind/vgpreload_memcheck-amd64-linux.so)
==330523==    by 0x115DB8: ??? (in /usr/bin/ls)
==330523==    by 0x10D2A0: ??? (in /usr/bin/ls)
==330523==    by 0x48C6D8F: (below main) (libc_start_call_main.h:58)
==330523== 
==330523== LEAK SUMMARY:
==330523==    definitely lost: 0 bytes in 0 blocks
==330523==    indirectly lost: 0 bytes in 0 blocks
==330523==      possibly lost: 0 bytes in 0 blocks
==330523==    still reachable: 25,823 bytes in 26 blocks
==330523==         suppressed: 0 bytes in 0 blocks
==330523== 
==330523== For lists of detected and suppressed errors, rerun with: -s
==330523== ERROR SUMMARY: 0 errors from 0 contexts (suppressed: 0 from 0)
