==330470== Memcheck, a memory error detector
==330470== Copyright (C) 2002-2017, and GNU GPL'd, by Julian Seward et al.
==330470== Using Valgrind-3.18.1 and LibVEX; rerun with -h for copyright info
==330470== Command: ./minishell
==330470== Parent PID: 330463
==330470== 
==330470== 
==330470== FILE DESCRIPTORS: 4 open (3 std) at exit.
==330470== Open file descriptor 3: /home/mouahman/Desktop/minishell/logs/valgrind_330463.log
==330470==    <inherited from parent>
==330470== 
==330470== 
==330470== HEAP SUMMARY:
==330470==     in use at exit: 208,201 bytes in 222 blocks
==330470==   total heap usage: 821 allocs, 599 frees, 236,193 bytes allocated
==330470== 
==330470== LEAK SUMMARY:
==330470==    definitely lost: 0 bytes in 0 blocks
==330470==    indirectly lost: 0 bytes in 0 blocks
==330470==      possibly lost: 0 bytes in 0 blocks
==330470==    still reachable: 0 bytes in 0 blocks
==330470==         suppressed: 208,201 bytes in 222 blocks
==330470== 
==330470== For lists of detected and suppressed errors, rerun with: -s
==330470== ERROR SUMMARY: 0 errors from 0 contexts (suppressed: 0 from 0)
