==330577== Memcheck, a memory error detector
==330577== Copyright (C) 2002-2017, and GNU GPL'd, by Julian Seward et al.
==330577== Using Valgrind-3.18.1 and LibVEX; rerun with -h for copyright info
==330577== Command: ./minishell
==330577== Parent PID: 330576
==330577== 
==330577== 
==330577== FILE DESCRIPTORS: 4 open (3 std) at exit.
==330577== Open file descriptor 3: /home/mouahman/Desktop/minishell/logs/valgrind_330576.log
==330577==    <inherited from parent>
==330577== 
==330577== 
==330577== HEAP SUMMARY:
==330577==     in use at exit: 208,205 bytes in 222 blocks
==330577==   total heap usage: 581 allocs, 359 frees, 232,328 bytes allocated
==330577== 
==330577== LEAK SUMMARY:
==330577==    definitely lost: 0 bytes in 0 blocks
==330577==    indirectly lost: 0 bytes in 0 blocks
==330577==      possibly lost: 0 bytes in 0 blocks
==330577==    still reachable: 0 bytes in 0 blocks
==330577==         suppressed: 208,205 bytes in 222 blocks
==330577== 
==330577== For lists of detected and suppressed errors, rerun with: -s
==330577== ERROR SUMMARY: 0 errors from 0 contexts (suppressed: 0 from 0)
