==330465== Memcheck, a memory error detector
==330465== Copyright (C) 2002-2017, and GNU GPL'd, by Julian Seward et al.
==330465== Using Valgrind-3.18.1 and LibVEX; rerun with -h for copyright info
==330465== Command: ./minishell
==330465== Parent PID: 330463
==330465== 
==330465== 
==330465== FILE DESCRIPTORS: 4 open (3 std) at exit.
==330465== Open file descriptor 3: /home/mouahman/Desktop/minishell/logs/valgrind_330463.log
==330465==    <inherited from parent>
==330465== 
==330465== 
==330465== HEAP SUMMARY:
==330465==     in use at exit: 208,205 bytes in 222 blocks
==330465==   total heap usage: 581 allocs, 359 frees, 232,358 bytes allocated
==330465== 
==330465== LEAK SUMMARY:
==330465==    definitely lost: 0 bytes in 0 blocks
==330465==    indirectly lost: 0 bytes in 0 blocks
==330465==      possibly lost: 0 bytes in 0 blocks
==330465==    still reachable: 0 bytes in 0 blocks
==330465==         suppressed: 208,205 bytes in 222 blocks
==330465== 
==330465== For lists of detected and suppressed errors, rerun with: -s
==330465== ERROR SUMMARY: 0 errors from 0 contexts (suppressed: 0 from 0)
