==330467== Memcheck, a memory error detector
==330467== Copyright (C) 2002-2017, and GNU GPL'd, by Julian Seward et al.
==330467== Using Valgrind-3.18.1 and LibVEX; rerun with -h for copyright info
==330467== Command: ./minishell
==330467== Parent PID: 330463
==330467== 
==330467== 
==330467== FILE DESCRIPTORS: 4 open (3 std) at exit.
==330467== Open file descriptor 3: /home/mouahman/Desktop/minishell/logs/valgrind_330463.log
==330467==    <inherited from parent>
==330467== 
==330467== 
==330467== HEAP SUMMARY:
==330467==     in use at exit: 208,201 bytes in 222 blocks
==330467==   total heap usage: 677 allocs, 455 frees, 233,910 bytes allocated
==330467== 
==330467== LEAK SUMMARY:
==330467==    definitely lost: 0 bytes in 0 blocks
==330467==    indirectly lost: 0 bytes in 0 blocks
==330467==      possibly lost: 0 bytes in 0 blocks
==330467==    still reachable: 0 bytes in 0 blocks
==330467==         suppressed: 208,201 bytes in 222 blocks
==330467== 
==330467== For lists of detected and suppressed errors, rerun with: -s
==330467== ERROR SUMMARY: 0 errors from 0 contexts (suppressed: 0 from 0)
