==330468== Memcheck, a memory error detector
==330468== Copyright (C) 2002-2017, and GNU GPL'd, by Julian Seward et al.
==330468== Using Valgrind-3.18.1 and LibVEX; rerun with -h for copyright info
==330468== Command: ./minishell
==330468== Parent PID: 330463
==330468== 
==330468== 
==330468== FILE DESCRIPTORS: 4 open (3 std) at exit.
==330468== Open file descriptor 3: /home/mouahman/Desktop/minishell/logs/valgrind_330463.log
==330468==    <inherited from parent>
==330468== 
==330468== 
==330468== HEAP SUMMARY:
==330468==     in use at exit: 208,201 bytes in 222 blocks
==330468==   total heap usage: 725 allocs, 503 frees, 234,686 bytes allocated
==330468== 
==330468== LEAK SUMMARY:
==330468==    definitely lost: 0 bytes in 0 blocks
==330468==    indirectly lost: 0 bytes in 0 blocks
==330468==      possibly lost: 0 bytes in 0 blocks
==330468==    still reachable: 0 bytes in 0 blocks
==330468==         suppressed: 208,201 bytes in 222 blocks
==330468== 
==330468== For lists of detected and suppressed errors, rerun with: -s
==330468== ERROR SUMMARY: 0 errors from 0 contexts (suppressed: 0 from 0)
