==330469== Memcheck, a memory error detector
==330469== Copyright (C) 2002-2017, and GNU GPL'd, by Julian Seward et al.
==330469== Using Valgrind-3.18.1 and LibVEX; rerun with -h for copyright info
==330469== Command: ./minishell
==330469== Parent PID: 330463
==330469== 
==330469== 
==330469== FILE DESCRIPTORS: 4 open (3 std) at exit.
==330469== Open file descriptor 3: /home/mouahman/Desktop/minishell/logs/valgrind_330463.log
==330469==    <inherited from parent>
==330469== 
==330469== 
==330469== HEAP SUMMARY:
==330469==     in use at exit: 208,201 bytes in 222 blocks
==330469==   total heap usage: 773 allocs, 551 frees, 235,462 bytes allocated
==330469== 
==330469== LEAK SUMMARY:
==330469==    definitely lost: 0 bytes in 0 blocks
==330469==    indirectly lost: 0 bytes in 0 blocks
==330469==      possibly lost: 0 bytes in 0 blocks
==330469==    still reachable: 0 bytes in 0 blocks
==330469==         suppressed: 208,201 bytes in 222 blocks
==330469== 
==330469== For lists of detected and suppressed errors, rerun with: -s
==330469== ERROR SUMMARY: 0 errors from 0 contexts (suppressed: 0 from 0)
