==330463== Memcheck, a memory error detector
==330463== Copyright (C) 2002-2017, and GNU GPL'd, by Julian Seward et al.
==330463== Using Valgrind-3.18.1 and LibVEX; rerun with -h for copyright info
==330463== Command: ./minishell
==330463== Parent PID: 330462
==330463== 
==330463== 
==330463== FILE DESCRIPTORS: 4 open (3 std) at exit.
==330463== Open file descriptor 3: /home/mouahman/Desktop/minishell/logs/valgrind_330463.log
==330463==    <inherited from parent>
==330463== 
==330463== 
==330463== HEAP SUMMARY:
==330463==     in use at exit: 208,205 bytes in 222 blocks
==330463==   total heap usage: 1,091 allocs, 869 frees, 273,325 bytes allocated
==330463== 
==330463== LEAK SUMMARY:
==330463==    definitely lost: 0 bytes in 0 blocks
==330463==    indirectly lost: 0 bytes in 0 blocks
==330463==      possibly lost: 0 bytes in 0 blocks
==330463==    still reachable: 0 bytes in 0 blocks
==330463==         suppressed: 208,205 bytes in 222 blocks
==330463== 
==330463== For lists of detected and suppressed errors, rerun with: -s
==330463== ERROR SUMMARY: 0 errors from 0 contexts (suppressed: 0 from 0)
