==330476== Memcheck, a memory error detector
==330476== Copyright (C) 2002-2017, and GNU GPL'd, by Julian Seward et al.
==330476== Using Valgrind-3.18.1 and LibVEX; rerun with -h for copyright info
==330476== Command: ./minishell
==330476== Parent PID: 330463
==330476== 
==330476== 
==330476== FILE DESCRIPTORS: 4 open (3 std) at exit.
==330476== Open file descriptor 3: /home/mouahman/Desktop/minishell/logs/valgrind_330463.log
==330476==    <inherited from parent>
==330476== 
==330476== 
==330476== HEAP SUMMARY:
==330476==     in use at exit: 208,201 bytes in 222 blocks
==330476==   total heap usage: 869 allocs, 647 frees, 236,954 bytes allocated
==330476== 
==330476== LEAK SUMMARY:
==330476==    definitely lost: 0 bytes in 0 blocks
==330476==    indirectly lost: 0 bytes in 0 blocks
==330476==      possibly lost: 0 bytes in 0 blocks
==330476==    still reachable: 0 bytes in 0 blocks
==330476==         suppressed: 208,201 bytes in 222 blocks
==330476== 
==330476== For lists of detected and suppressed errors, rerun with: -s
==330476== ERROR SUMMARY: 0 errors from 0 contexts (suppressed: 0 from 0)
