==330488== Memcheck, a memory error detector
==330488== Copyright (C) 2002-2017, and GNU GPL'd, by Julian Seward et al.
==330488== Using Valgrind-3.18.1 and LibVEX; rerun with -h for copyright info
==330488== Command: ./minishell
==330488== Parent PID: 330463
==330488== 
==330488== 
==330488== FILE DESCRIPTORS: 4 open (3 std) at exit.
==330488== Open file descriptor 3: /home/mouahman/Desktop/minishell/logs/valgrind_330463.log
==330488==    <inherited from parent>
==330488== 
==330488== 
==330488== HEAP SUMMARY:
==330488==     in use at exit: 208,201 bytes in 222 blocks
==330488==   total heap usage: 917 allocs, 695 frees, 237,715 bytes allocated
==330488== 
==330488== LEAK SUMMARY:
==330488==    definitely lost: 0 bytes in 0 blocks
==330488==    indirectly lost: 0 bytes in 0 blocks
==330488==      possibly lost: 0 bytes in 0 blocks
==330488==    still reachable: 0 bytes in 0 blocks
==330488==         suppressed: 208,201 bytes in 222 blocks
==330488== 
==330488== For lists of detected and suppressed errors, rerun with: -s
==330488== ERROR SUMMARY: 0 errors from 0 contexts (suppressed: 0 from 0)
