==330489== Memcheck, a memory error detector
==330489== Copyright (C) 2002-2017, and GNU GPL'd, by Julian Seward et al.
==330489== Using Valgrind-3.18.1 and LibVEX; rerun with -h for copyright info
==330489== Command: ./minishell
==330489== Parent PID: 330463
==330489== 
==330489== 
==330489== FILE DESCRIPTORS: 4 open (3 std) at exit.
==330489== Open file descriptor 3: /home/mouahman/Desktop/minishell/logs/valgrind_330463.log
==330489==    <inherited from parent>
==330489== 
==330489== 
==330489== HEAP SUMMARY:
==330489==     in use at exit: 208,201 bytes in 222 blocks
==330489==   total heap usage: 965 allocs, 743 frees, 238,476 bytes allocated
==330489== 
==330489== LEAK SUMMARY:
==330489==    definitely lost: 0 bytes in 0 blocks
==330489==    indirectly lost: 0 bytes in 0 blocks
==330489==      possibly lost: 0 bytes in 0 blocks
==330489==    still reachable: 0 bytes in 0 blocks
==330489==         suppressed: 208,201 bytes in 222 blocks
==330489== 
==330489== For lists of detected and suppressed errors, rerun with: -s
==330489== ERROR SUMMARY: 0 errors from 0 contexts (suppressed: 0 from 0)
