==330576== Memcheck, a memory error detector
==330576== Copyright (C) 2002-2017, and GNU GPL'd, by Julian Seward et al.
==330576== Using Valgrind-3.18.1 and LibVEX; rerun with -h for copyright info
==330576== Command: ./minishell
==330576== Parent PID: 330575
==330576== 
==330576== 
==330576== FILE DESCRIPTORS: 4 open (3 std) at exit.
==330576== Open file descriptor 3: /home/mouahman/Desktop/minishell/logs/valgrind_330576.log
==330576==    <inherited from parent>
==330576== 
==330576== 
==330576== HEAP SUMMARY:
==330576==     in use at exit: 208,205 bytes in 222 blocks
==330576==   total heap usage: 625 allocs, 403 frees, 233,052 bytes allocated
==330576== 
==330576== LEAK SUMMARY:
==330576==    definitely lost: 0 bytes in 0 blocks
==330576==    indirectly lost: 0 bytes in 0 blocks
==330576==      possibly lost: 0 bytes in 0 blocks
==330576==    still reachable: 0 bytes in 0 blocks
==330576==         suppressed: 208,205 bytes in 222 blocks
==330576== 
==330576== For lists of detected and suppressed errors, rerun with: -s
==330576== ERROR SUMMARY: 0 errors from 0 contexts (suppressed: 0 from 0)
