==330536== Memcheck, a memory error detector
==330536== Copyright (C) 2002-2017, and GNU GPL'd, by Julian Seward et al.
==330536== Using Valgrind-3.18.1 and LibVEX; rerun with -h for copyright info
==330536== Command: /usr/bin/rm logs/* -rf
==330536== Parent PID: 330463
==330536== 
==330536== 
==330536== FILE DESCRIPTORS: 3 open (0 std) at exit.
==330536== Open file descriptor 5: /home/mouahman/Desktop/minishell/logs/valgrind_330536.log
==330536==    <inherited from parent>
==330536== 
==330536== Open file descriptor 4: /home/mouahman/Desktop/minishell/logs/valgrind_330536.log
==330536==    <inherited from parent>
==330536== 
==330536== Open file descriptor 3: /home/mouahman/Desktop/minishell/logs/valgrind_330463.log
==330536==    <inherited from parent>
==330536== 
==330536== 
==330536== HEAP SUMMARY:
==330536==     in use at exit: 0 bytes in 0 blocks
==330536==   total heap usage: 37 allocs, 37 frees, 9,425 bytes allocated
==330536== 
==330536== All heap blocks were freed -- no leaks are possible
==330536== 
==330536== For lists of detected and suppressed errors, rerun with: -s
==330536== ERROR SUMMARY: 0 errors from 0 contexts (suppressed: 0 from 0)
