==330466== Memcheck, a memory error detector
==330466== Copyright (C) 2002-2017, and GNU GPL'd, by Julian Seward et al.
==330466== Using Valgrind-3.18.1 and LibVEX; rerun with -h for copyright info
==330466== Command: ./minishell
==330466== Parent PID: 330463
==330466== 
==330466== 
==330466== FILE DESCRIPTORS: 4 open (3 std) at exit.
==330466== Open file descriptor 3: /home/mouahman/Desktop/minishell/logs/valgrind_330463.log
==330466==    <inherited from parent>
==330466== 
==330466== 
==330466== HEAP SUMMARY:
==330466==     in use at exit: 208,201 bytes in 222 blocks
==330466==   total heap usage: 629 allocs, 407 frees, 233,134 bytes allocated
==330466== 
==330466== LEAK SUMMARY:
==330466==    definitely lost: 0 bytes in 0 blocks
==330466==    indirectly lost: 0 bytes in 0 blocks
==330466==      possibly lost: 0 bytes in 0 blocks
==330466==    still reachable: 0 bytes in 0 blocks
==330466==         suppressed: 208,201 bytes in 222 blocks
==330466== 
==330466== For lists of detected and suppressed errors, rerun with: -s
==330466== ERROR SUMMARY: 0 errors from 0 contexts (suppressed: 0 from 0)
